WARNING:discord.client:PyNaCl is not installed, voice will NOT be supported
INFO:discord.client:logging in using static token
INFO:discord.gateway:Shard ID None has connected to Gateway (Session ID: 38544a516686baebdf6ef34cdc1bad20).
ERROR:discord.client:Ignoring exception in on_message
Traceback (most recent call last):
  File "C:\Users\Emi\AppData\Local\Packages\PythonSoftwareFoundation.Python.3.13_qbz5n2kfra8p0\LocalCache\local-packages\Python313\site-packages\discord\client.py", line 504, in _run_event
    await coro(*args, **kwargs)
  File "d:\Coding\Python\glarb\basic.py", line 23, in on_message
    await message.author.ban(reason="no speek") # very good reason
    ^^^^^^^^^^^^^^^^^^^^^^^^^^^^^^^^^^^^^^^^^^^
  File "C:\Users\Emi\AppData\Local\Packages\PythonSoftwareFoundation.Python.3.13_qbz5n2kfra8p0\LocalCache\local-packages\Python313\site-packages\discord\member.py", line 784, in ban
    await self.guild.ban(
    ...<4 lines>...
    )
  File "C:\Users\Emi\AppData\Local\Packages\PythonSoftwareFoundation.Python.3.13_qbz5n2kfra8p0\LocalCache\local-packages\Python313\site-packages\discord\guild.py", line 4028, in ban
    await self._state.http.ban(user.id, self.id, delete_message_seconds, reason=reason)
  File "C:\Users\Emi\AppData\Local\Packages\PythonSoftwareFoundation.Python.3.13_qbz5n2kfra8p0\LocalCache\local-packages\Python313\site-packages\discord\http.py", line 767, in request
    raise Forbidden(response, data)
discord.errors.Forbidden: 403 Forbidden (error code: 50013): Missing Permissions
ERROR:discord.client:Ignoring exception in on_message
Traceback (most recent call last):
  File "C:\Users\Emi\AppData\Local\Packages\PythonSoftwareFoundation.Python.3.13_qbz5n2kfra8p0\LocalCache\local-packages\Python313\site-packages\discord\client.py", line 504, in _run_event
    await coro(*args, **kwargs)
  File "d:\Coding\Python\glarb\basic.py", line 23, in on_message
    await message.author.ban(reason="no speek") # very good reason
    ^^^^^^^^^^^^^^^^^^^^^^^^^^^^^^^^^^^^^^^^^^^
  File "C:\Users\Emi\AppData\Local\Packages\PythonSoftwareFoundation.Python.3.13_qbz5n2kfra8p0\LocalCache\local-packages\Python313\site-packages\discord\member.py", line 784, in ban
    await self.guild.ban(
    ...<4 lines>...
    )
  File "C:\Users\Emi\AppData\Local\Packages\PythonSoftwareFoundation.Python.3.13_qbz5n2kfra8p0\LocalCache\local-packages\Python313\site-packages\discord\guild.py", line 4028, in ban
    await self._state.http.ban(user.id, self.id, delete_message_seconds, reason=reason)
  File "C:\Users\Emi\AppData\Local\Packages\PythonSoftwareFoundation.Python.3.13_qbz5n2kfra8p0\LocalCache\local-packages\Python313\site-packages\discord\http.py", line 767, in request
    raise Forbidden(response, data)
discord.errors.Forbidden: 403 Forbidden (error code: 50013): Missing Permissions
ERROR:discord.client:Ignoring exception in on_message
Traceback (most recent call last):
  File "C:\Users\Emi\AppData\Local\Packages\PythonSoftwareFoundation.Python.3.13_qbz5n2kfra8p0\LocalCache\local-packages\Python313\site-packages\discord\client.py", line 504, in _run_event
    await coro(*args, **kwargs)
  File "d:\Coding\Python\glarb\basic.py", line 23, in on_message
    await message.author.ban(reason="no speek") # very good reason
    ^^^^^^^^^^^^^^^^^^^^^^^^^^^^^^^^^^^^^^^^^^^
  File "C:\Users\Emi\AppData\Local\Packages\PythonSoftwareFoundation.Python.3.13_qbz5n2kfra8p0\LocalCache\local-packages\Python313\site-packages\discord\member.py", line 784, in ban
    await self.guild.ban(
    ...<4 lines>...
    )
  File "C:\Users\Emi\AppData\Local\Packages\PythonSoftwareFoundation.Python.3.13_qbz5n2kfra8p0\LocalCache\local-packages\Python313\site-packages\discord\guild.py", line 4028, in ban
    await self._state.http.ban(user.id, self.id, delete_message_seconds, reason=reason)
  File "C:\Users\Emi\AppData\Local\Packages\PythonSoftwareFoundation.Python.3.13_qbz5n2kfra8p0\LocalCache\local-packages\Python313\site-packages\discord\http.py", line 767, in request
    raise Forbidden(response, data)
discord.errors.Forbidden: 403 Forbidden (error code: 50013): Missing Permissions
ERROR:discord.client:Ignoring exception in on_message
Traceback (most recent call last):
  File "C:\Users\Emi\AppData\Local\Packages\PythonSoftwareFoundation.Python.3.13_qbz5n2kfra8p0\LocalCache\local-packages\Python313\site-packages\discord\client.py", line 504, in _run_event
    await coro(*args, **kwargs)
  File "d:\Coding\Python\glarb\basic.py", line 23, in on_message
    await message.author.ban(reason="no speek") # very good reason
    ^^^^^^^^^^^^^^^^^^^^^^^^^^^^^^^^^^^^^^^^^^^
  File "C:\Users\Emi\AppData\Local\Packages\PythonSoftwareFoundation.Python.3.13_qbz5n2kfra8p0\LocalCache\local-packages\Python313\site-packages\discord\member.py", line 784, in ban
    await self.guild.ban(
    ...<4 lines>...
    )
  File "C:\Users\Emi\AppData\Local\Packages\PythonSoftwareFoundation.Python.3.13_qbz5n2kfra8p0\LocalCache\local-packages\Python313\site-packages\discord\guild.py", line 4028, in ban
    await self._state.http.ban(user.id, self.id, delete_message_seconds, reason=reason)
  File "C:\Users\Emi\AppData\Local\Packages\PythonSoftwareFoundation.Python.3.13_qbz5n2kfra8p0\LocalCache\local-packages\Python313\site-packages\discord\http.py", line 767, in request
    raise Forbidden(response, data)
discord.errors.Forbidden: 403 Forbidden (error code: 50013): Missing Permissions
ERROR:discord.client:Ignoring exception in on_message
Traceback (most recent call last):
  File "C:\Users\Emi\AppData\Local\Packages\PythonSoftwareFoundation.Python.3.13_qbz5n2kfra8p0\LocalCache\local-packages\Python313\site-packages\discord\client.py", line 504, in _run_event
    await coro(*args, **kwargs)
  File "d:\Coding\Python\glarb\basic.py", line 23, in on_message
    await message.author.ban(reason="no speek") # very good reason
    ^^^^^^^^^^^^^^^^^^^^^^^^^^^^^^^^^^^^^^^^^^^
  File "C:\Users\Emi\AppData\Local\Packages\PythonSoftwareFoundation.Python.3.13_qbz5n2kfra8p0\LocalCache\local-packages\Python313\site-packages\discord\member.py", line 784, in ban
    await self.guild.ban(
    ...<4 lines>...
    )
  File "C:\Users\Emi\AppData\Local\Packages\PythonSoftwareFoundation.Python.3.13_qbz5n2kfra8p0\LocalCache\local-packages\Python313\site-packages\discord\guild.py", line 4028, in ban
    await self._state.http.ban(user.id, self.id, delete_message_seconds, reason=reason)
  File "C:\Users\Emi\AppData\Local\Packages\PythonSoftwareFoundation.Python.3.13_qbz5n2kfra8p0\LocalCache\local-packages\Python313\site-packages\discord\http.py", line 767, in request
    raise Forbidden(response, data)
discord.errors.Forbidden: 403 Forbidden (error code: 50013): Missing Permissions
